<?xml version="1.0" encoding="UTF-8"?>
<!-- Generated by org.testng.reporters.JUnitReportReporter -->
<testsuite hostname="DESKTOP-HNAQHJL" failures="0" tests="1" name="PaulTestRI.RIHomePage" time="0.083" errors="0" timestamp="2022-02-10T14:47:59 EST" skipped="0">
  <testcase classname="PaulTestRI.RIHomePage" name="verifyLinks" time="0.083"/>
  <system-out/>
</testsuite> <!-- PaulTestRI.RIHomePage -->
